\BOOKMARK [0][-]{chapter.1}{\376\377\000I\000n\000t\000r\000o\000d\000u\000z\000i\000o\000n\000e}{}% 1
\BOOKMARK [1][-]{section.1.1}{\376\377\000L\000i\000b\000r\000e\000r\000i\000e\000\040\000e\000s\000t\000e\000r\000n\000e\000\040\000u\000t\000i\000l\000i\000z\000z\000a\000t\000e}{chapter.1}% 2
\BOOKMARK [2][-]{subsection.1.1.1}{\376\377\000A\000p\000a\000c\000h\000e\000\040\000C\000o\000m\000m\000o\000n\000s\000\040\000C\000S\000V}{section.1.1}% 3
\BOOKMARK [2][-]{subsection.1.1.2}{\376\377\000A\000p\000a\000c\000h\000e\000\040\000C\000o\000m\000m\000o\000n\000s\000\040\000C\000L\000I}{section.1.1}% 4
\BOOKMARK [0][-]{chapter.2}{\376\377\000S\000t\000r\000u\000t\000t\000u\000r\000a\000\040\000g\000e\000n\000e\000r\000a\000l\000e\000\040\000d\000e\000l\000\040\000s\000i\000s\000t\000e\000m\000a\000\040\000d\000i\000\040\000c\000l\000a\000s\000s\000i}{}% 5
\BOOKMARK [1][-]{section.2.1}{\376\377\000c\000l\000i}{chapter.2}% 6
\BOOKMARK [2][-]{subsection.2.1.1}{\376\377\000H\000e\000l\000p}{section.2.1}% 7
\BOOKMARK [2][-]{subsection.2.1.2}{\376\377\000L\000o\000g\000i\000n}{section.2.1}% 8
\BOOKMARK [2][-]{subsection.2.1.3}{\376\377\000M\000a\000i\000n\000M\000e\000n\000u}{section.2.1}% 9
\BOOKMARK [2][-]{subsection.2.1.4}{\376\377\000M\000o\000s\000t\000r\000a\000M\000i\000s\000u\000r\000a\000z\000i\000o\000n\000i}{section.2.1}% 10
\BOOKMARK [2][-]{subsection.2.1.5}{\376\377\000R\000e\000g\000i\000s\000t\000r\000a\000z\000i\000o\000n\000e}{section.2.1}% 11
\BOOKMARK [1][-]{section.2.2}{\376\377\000g\000e\000s\000t\000o\000r\000i}{chapter.2}% 12
\BOOKMARK [2][-]{subsection.2.2.1}{\376\377\000D\000a\000t\000a\000B\000a\000s\000e}{section.2.2}% 13
\BOOKMARK [2][-]{subsection.2.2.2}{\376\377\000G\000e\000s\000t\000o\000r\000e}{section.2.2}% 14
\BOOKMARK [2][-]{subsection.2.2.3}{\376\377\000G\000e\000s\000t\000o\000r\000e\000A\000r\000e\000a}{section.2.2}% 15
\BOOKMARK [2][-]{subsection.2.2.4}{\376\377\000G\000e\000s\000t\000o\000r\000e\000C\000e\000n\000t\000r\000o}{section.2.2}% 16
\BOOKMARK [2][-]{subsection.2.2.5}{\376\377\000G\000e\000s\000t\000o\000r\000e\000D\000a\000t\000o}{section.2.2}% 17
\BOOKMARK [2][-]{subsection.2.2.6}{\376\377\000G\000e\000s\000t\000o\000r\000e\000M\000i\000s\000u\000r\000a\000z\000i\000o\000n\000i}{section.2.2}% 18
\BOOKMARK [2][-]{subsection.2.2.7}{\376\377\000G\000e\000s\000t\000o\000r\000e\000O\000p\000e\000r\000a\000t\000o\000r\000e}{section.2.2}% 19
\BOOKMARK [1][-]{section.2.3}{\376\377\000M\000a\000g\000a\000z\000z\000e\000n\000o}{chapter.2}% 20
\BOOKMARK [2][-]{subsection.2.3.1}{\376\377\000A\000r\000e\000a\000G\000e\000o\000g\000r\000a\000f\000i\000c\000a}{section.2.3}% 21
\BOOKMARK [2][-]{subsection.2.3.2}{\376\377\000C\000e\000n\000t\000r\000o\000M\000o\000n\000i\000t\000o\000r\000a\000g\000g\000i\000o}{section.2.3}% 22
\BOOKMARK [2][-]{subsection.2.3.3}{\376\377\000D\000a\000t\000o\000G\000e\000o\000g\000r\000a\000f\000i\000c\000o}{section.2.3}% 23
\BOOKMARK [2][-]{subsection.2.3.4}{\376\377\000F\000i\000l\000t\000r\000a\000t\000o\000r\000e}{section.2.3}% 24
\BOOKMARK [2][-]{subsection.2.3.5}{\376\377\000I\000n\000d\000i\000r\000i\000z\000z\000o}{section.2.3}% 25
\BOOKMARK [2][-]{subsection.2.3.6}{\376\377\000L\000i\000s\000t\000a\000A\000r\000e\000e}{section.2.3}% 26
\BOOKMARK [2][-]{subsection.2.3.7}{\376\377\000M\000i\000s\000u\000r\000a\000z\000i\000o\000n\000i}{section.2.3}% 27
\BOOKMARK [2][-]{subsection.2.3.8}{\376\377\000O\000p\000e\000r\000a\000t\000o\000r\000e}{section.2.3}% 28
\BOOKMARK [1][-]{section.2.4}{\376\377\000U\000t\000i\000l\000s}{chapter.2}% 29
\BOOKMARK [2][-]{subsection.2.4.1}{\376\377\000l\000i\000s\000t\000a\000c\000u\000s\000t\000o\000m}{section.2.4}% 30
\BOOKMARK [3][-]{subsubsection.2.4.1.1}{\376\377\000C\000o\000l\000l\000e\000z\000i\000o\000n\000i\000I\000t\000e\000r\000a\000t\000o\000r}{subsection.2.4.1}% 31
\BOOKMARK [3][-]{subsubsection.2.4.1.2}{\376\377\000N\000o\000d\000o}{subsection.2.4.1}% 32
\BOOKMARK [2][-]{subsection.2.4.2}{\376\377\000r\000e\000s\000u\000l\000t}{section.2.4}% 33
\BOOKMARK [3][-]{subsubsection.2.4.2.1}{\376\377\000P\000a\000n\000i\000c}{subsection.2.4.2}% 34
\BOOKMARK [3][-]{subsubsection.2.4.2.2}{\376\377\000R\000e\000s\000u\000l\000t}{subsection.2.4.2}% 35
\BOOKMARK [3][-]{subsubsection.2.4.2.3}{\376\377\000E\000i\000t\000h\000e\000r}{subsection.2.4.2}% 36
\BOOKMARK [2][-]{subsection.2.4.3}{\376\377\000t\000e\000r\000m\000i\000n\000a\000l}{section.2.4}% 37
\BOOKMARK [3][-]{subsubsection.2.4.3.1}{\376\377\000S\000c\000r\000e\000e\000n}{subsection.2.4.3}% 38
\BOOKMARK [3][-]{subsubsection.2.4.3.2}{\376\377\000T\000e\000r\000m\000i\000n\000a\000l}{subsection.2.4.3}% 39
\BOOKMARK [3][-]{subsubsection.2.4.3.3}{\376\377\000V\000i\000e\000w}{subsection.2.4.3}% 40
\BOOKMARK [2][-]{subsection.2.4.4}{\376\377\000C\000e\000r\000c\000a\000A\000r\000e\000e}{section.2.4}% 41
\BOOKMARK [2][-]{subsection.2.4.5}{\376\377\000C\000o\000n\000v\000e\000r\000t\000a\000b\000l\000e}{section.2.4}% 42
\BOOKMARK [2][-]{subsection.2.4.6}{\376\377\000D\000a\000t\000a\000T\000a\000b\000l\000e}{section.2.4}% 43
\BOOKMARK [2][-]{subsection.2.4.7}{\376\377\000M\000e\000d\000i\000a\000A\000r\000e\000e}{section.2.4}% 44
\BOOKMARK [2][-]{subsection.2.4.8}{\376\377\000D\000a\000t\000o\000G\000e\000o\000g\000r\000a\000f\000i\000c\000o}{section.2.4}% 45
\BOOKMARK [1][-]{section.2.5}{\376\377\000M\000a\000i\000n}{chapter.2}% 46
